{"C:\\Snackers\\Snackers\\src\\Components\\Contact.jsx": {"path":"C:\\Snackers\\Snackers\\src\\Components\\Contact.jsx","statementMap":{"0":{"start":{"line":4,"column":2},"end":{"line":41,"column":4}}},"fnMap":{"0":{"name":"Contact","decl":{"start":{"line":3,"column":9},"end":{"line":3,"column":16}},"loc":{"start":{"line":3,"column":19},"end":{"line":42,"column":1}},"line":3}},"branchMap":{},"s":{"0":4},"f":{"0":4},"b":{},"_coverageSchema":"1a1c01bbd47fc00a2c39e90264f33305004495a9","hash":"0e3ad0c2fb41afd8b92ff02e3c4a4b8ce8a3012a"}
,"C:\\Snackers\\Snackers\\src\\Components\\Header.jsx": {"path":"C:\\Snackers\\Snackers\\src\\Components\\Header.jsx","statementMap":{"0":{"start":{"line":12,"column":22},"end":{"line":12,"column":39}},"1":{"start":{"line":17,"column":20},"end":{"line":17,"column":60}},"2":{"start":{"line":17,"column":43},"end":{"line":17,"column":59}},"3":{"start":{"line":21,"column":2},"end":{"line":49,"column":3}}},"fnMap":{"0":{"name":"Header","decl":{"start":{"line":9,"column":9},"end":{"line":9,"column":15}},"loc":{"start":{"line":9,"column":18},"end":{"line":50,"column":1}},"line":9},"1":{"name":"(anonymous_1)","decl":{"start":{"line":17,"column":32},"end":{"line":17,"column":33}},"loc":{"start":{"line":17,"column":43},"end":{"line":17,"column":59}},"line":17}},"branchMap":{"0":{"loc":{"start":{"line":32,"column":33},"end":{"line":32,"column":65}},"type":"cond-expr","locations":[{"start":{"line":32,"column":56},"end":{"line":32,"column":59}},{"start":{"line":32,"column":62},"end":{"line":32,"column":65}}],"line":32}},"s":{"0":1,"1":1,"2":2,"3":1},"f":{"0":1,"1":2},"b":{"0":[1,0]},"_coverageSchema":"1a1c01bbd47fc00a2c39e90264f33305004495a9","hash":"8a202a14830fbcf6c6744f2294552a1bc9e0c08b"}
,"C:\\Snackers\\Snackers\\src\\Components\\Rest_card.jsx": {"path":"C:\\Snackers\\Snackers\\src\\Components\\Rest_card.jsx","statementMap":{"0":{"start":{"line":5,"column":16},"end":{"line":5,"column":21}},"1":{"start":{"line":6,"column":46},"end":{"line":6,"column":59}},"2":{"start":{"line":8,"column":2},"end":{"line":19,"column":3}}},"fnMap":{"0":{"name":"Rest_card","decl":{"start":{"line":4,"column":9},"end":{"line":4,"column":18}},"loc":{"start":{"line":4,"column":26},"end":{"line":20,"column":1}},"line":4}},"branchMap":{},"s":{"0":1,"1":1,"2":1},"f":{"0":1},"b":{},"_coverageSchema":"1a1c01bbd47fc00a2c39e90264f33305004495a9","hash":"35ef04e4e7a1dfb4ddb37ab4b136625d31e0074c"}
,"C:\\Snackers\\Snackers\\src\\Components\\Sum.jsx": {"path":"C:\\Snackers\\Snackers\\src\\Components\\Sum.jsx","statementMap":{"0":{"start":{"line":3,"column":2},"end":{"line":3,"column":15}}},"fnMap":{"0":{"name":"Sum","decl":{"start":{"line":2,"column":9},"end":{"line":2,"column":12}},"loc":{"start":{"line":2,"column":19},"end":{"line":4,"column":1}},"line":2}},"branchMap":{},"s":{"0":1},"f":{"0":1},"b":{},"_coverageSchema":"1a1c01bbd47fc00a2c39e90264f33305004495a9","hash":"6575421680ba03600c16e15c4dce830b6f678a1f"}
,"C:\\Snackers\\Snackers\\src\\utils\\appStore.jsx": {"path":"C:\\Snackers\\Snackers\\src\\utils\\appStore.jsx","statementMap":{"0":{"start":{"line":4,"column":17},"end":{"line":8,"column":2}}},"fnMap":{},"branchMap":{},"s":{"0":1},"f":{},"b":{},"_coverageSchema":"1a1c01bbd47fc00a2c39e90264f33305004495a9","hash":"6be612eb11a389378220f1cf80a988f6656ff279"}
,"C:\\Snackers\\Snackers\\src\\utils\\cartSlice.jsx": {"path":"C:\\Snackers\\Snackers\\src\\utils\\cartSlice.jsx","statementMap":{"0":{"start":{"line":3,"column":18},"end":{"line":27,"column":2}},"1":{"start":{"line":14,"column":12},"end":{"line":14,"column":45}},"2":{"start":{"line":17,"column":26},"end":{"line":17,"column":106}},"3":{"start":{"line":17,"column":56},"end":{"line":17,"column":105}},"4":{"start":{"line":18,"column":12},"end":{"line":20,"column":13}},"5":{"start":{"line":19,"column":14},"end":{"line":19,"column":43}},"6":{"start":{"line":24,"column":12},"end":{"line":24,"column":35}},"7":{"start":{"line":31,"column":48},"end":{"line":31,"column":65}}},"fnMap":{"0":{"name":"(anonymous_0)","decl":{"start":{"line":12,"column":17},"end":{"line":12,"column":18}},"loc":{"start":{"line":12,"column":36},"end":{"line":15,"column":9}},"line":12},"1":{"name":"(anonymous_1)","decl":{"start":{"line":16,"column":20},"end":{"line":16,"column":21}},"loc":{"start":{"line":16,"column":39},"end":{"line":21,"column":11}},"line":16},"2":{"name":"(anonymous_2)","decl":{"start":{"line":17,"column":48},"end":{"line":17,"column":49}},"loc":{"start":{"line":17,"column":56},"end":{"line":17,"column":105}},"line":17},"3":{"name":"(anonymous_3)","decl":{"start":{"line":23,"column":19},"end":{"line":23,"column":20}},"loc":{"start":{"line":23,"column":38},"end":{"line":25,"column":9}},"line":23}},"branchMap":{"0":{"loc":{"start":{"line":18,"column":12},"end":{"line":20,"column":13}},"type":"if","locations":[{"start":{"line":18,"column":12},"end":{"line":20,"column":13}},{"start":{},"end":{}}],"line":18}},"s":{"0":1,"1":0,"2":0,"3":0,"4":0,"5":0,"6":0,"7":1},"f":{"0":0,"1":0,"2":0,"3":0},"b":{"0":[0,0]},"_coverageSchema":"1a1c01bbd47fc00a2c39e90264f33305004495a9","hash":"f87183976543c79d3e3d0f357c9cf37bf26d2116"}
,"C:\\Snackers\\Snackers\\src\\utils\\constants.jsx": {"path":"C:\\Snackers\\Snackers\\src\\utils\\constants.jsx","statementMap":{"0":{"start":{"line":1,"column":21},"end":{"line":1,"column":104}},"1":{"start":{"line":3,"column":22},"end":{"line":3,"column":205}},"2":{"start":{"line":6,"column":22},"end":{"line":6,"column":190}},"3":{"start":{"line":9,"column":22},"end":{"line":9,"column":95}}},"fnMap":{},"branchMap":{},"s":{"0":2,"1":2,"2":2,"3":2},"f":{},"b":{},"_coverageSchema":"1a1c01bbd47fc00a2c39e90264f33305004495a9","hash":"f64449a7143313591725abe14b032e63ac09b06f"}
,"C:\\Snackers\\Snackers\\src\\utils\\useOnlineStatus.jsx": {"path":"C:\\Snackers\\Snackers\\src\\utils\\useOnlineStatus.jsx","statementMap":{"0":{"start":{"line":3,"column":23},"end":{"line":19,"column":1}},"1":{"start":{"line":4,"column":43},"end":{"line":4,"column":57}},"2":{"start":{"line":7,"column":4},"end":{"line":16,"column":15}},"3":{"start":{"line":9,"column":8},"end":{"line":11,"column":11}},"4":{"start":{"line":10,"column":12},"end":{"line":10,"column":34}},"5":{"start":{"line":13,"column":8},"end":{"line":15,"column":11}},"6":{"start":{"line":14,"column":12},"end":{"line":14,"column":33}},"7":{"start":{"line":18,"column":8},"end":{"line":18,"column":27}}},"fnMap":{"0":{"name":"(anonymous_0)","decl":{"start":{"line":3,"column":23},"end":{"line":3,"column":24}},"loc":{"start":{"line":3,"column":29},"end":{"line":19,"column":1}},"line":3},"1":{"name":"(anonymous_1)","decl":{"start":{"line":7,"column":14},"end":{"line":7,"column":15}},"loc":{"start":{"line":7,"column":20},"end":{"line":16,"column":9}},"line":7},"2":{"name":"(anonymous_2)","decl":{"start":{"line":9,"column":43},"end":{"line":9,"column":44}},"loc":{"start":{"line":9,"column":47},"end":{"line":11,"column":9}},"line":9},"3":{"name":"(anonymous_3)","decl":{"start":{"line":13,"column":42},"end":{"line":13,"column":43}},"loc":{"start":{"line":13,"column":48},"end":{"line":15,"column":9}},"line":13}},"branchMap":{},"s":{"0":1,"1":1,"2":1,"3":1,"4":0,"5":1,"6":0,"7":1},"f":{"0":1,"1":1,"2":0,"3":0},"b":{},"_coverageSchema":"1a1c01bbd47fc00a2c39e90264f33305004495a9","hash":"cf76cec2145ccf2b35fa4b7c1f359eceb92ea25d"}
}
