TN:
SF:src\Components\Contact.jsx
FN:3,Contact
FNF:1
FNH:1
FNDA:4,Contact
DA:4,4
LF:1
LH:1
BRF:0
BRH:0
end_of_record
TN:
SF:src\Components\Header.jsx
FN:9,Header
FN:17,(anonymous_1)
FNF:2
FNH:2
FNDA:1,Header
FNDA:2,(anonymous_1)
DA:12,1
DA:17,2
DA:21,1
LF:3
LH:3
BRDA:32,0,0,1
BRDA:32,0,1,0
BRF:2
BRH:1
end_of_record
TN:
SF:src\Components\Rest_card.jsx
FN:4,Rest_card
FNF:1
FNH:1
FNDA:1,Rest_card
DA:5,1
DA:6,1
DA:8,1
LF:3
LH:3
BRF:0
BRH:0
end_of_record
TN:
SF:src\Components\Sum.jsx
FN:2,Sum
FNF:1
FNH:1
FNDA:1,Sum
DA:3,1
LF:1
LH:1
BRF:0
BRH:0
end_of_record
TN:
SF:src\utils\appStore.jsx
FNF:0
FNH:0
DA:4,1
LF:1
LH:1
BRF:0
BRH:0
end_of_record
TN:
SF:src\utils\cartSlice.jsx
FN:12,(anonymous_0)
FN:16,(anonymous_1)
FN:17,(anonymous_2)
FN:23,(anonymous_3)
FNF:4
FNH:0
FNDA:0,(anonymous_0)
FNDA:0,(anonymous_1)
FNDA:0,(anonymous_2)
FNDA:0,(anonymous_3)
DA:3,1
DA:14,0
DA:17,0
DA:18,0
DA:19,0
DA:24,0
DA:31,1
LF:7
LH:2
BRDA:18,0,0,0
BRDA:18,0,1,0
BRF:2
BRH:0
end_of_record
TN:
SF:src\utils\constants.jsx
FNF:0
FNH:0
DA:1,2
DA:3,2
DA:6,2
DA:9,2
LF:4
LH:4
BRF:0
BRH:0
end_of_record
TN:
SF:src\utils\useOnlineStatus.jsx
FN:3,(anonymous_0)
FN:7,(anonymous_1)
FN:9,(anonymous_2)
FN:13,(anonymous_3)
FNF:4
FNH:2
FNDA:1,(anonymous_0)
FNDA:1,(anonymous_1)
FNDA:0,(anonymous_2)
FNDA:0,(anonymous_3)
DA:3,1
DA:4,1
DA:7,1
DA:9,1
DA:10,0
DA:13,1
DA:14,0
DA:18,1
LF:8
LH:6
BRF:0
BRH:0
end_of_record
